<?xml version="1.0" encoding="UTF-8"?>
<!-- Generated by org.testng.reporters.JUnitReportReporter -->
<testsuite hostname="DESKTOP-BN365KO" failures="0" tests="1" name="testcases.TC01_CheckLogin" time="29.051" errors="0" timestamp="2023-05-24T23:43:56 EET" skipped="0">
  <testcase classname="testcases.TC01_CheckLogin" name="testCase01" time="29.051"/>
  <system-out/>
</testsuite> <!-- testcases.TC01_CheckLogin -->
