<?xml version="1.0" encoding="UTF-8"?>
<!-- Generated by org.testng.reporters.JUnitReportReporter -->
<testsuite hostname="DESKTOP-BN365KO" failures="0" tests="1" name="testcases.TC01_CheckLogin" time="67.551" errors="0" timestamp="2023-05-25T23:20:17 EET" skipped="0">
  <testcase classname="testcases.TC01_CheckLogin" name="testCase01" time="67.551"/>
  <system-out/>
</testsuite> <!-- testcases.TC01_CheckLogin -->
